build/outputs/logs/manifest-merger-debug-report.txt
-- Merging decision tree log ---
manifest
ADDED from AndroidManifest.xml:2:1
	xmlns:android
		ADDED from AndroidManifest.xml:2:11
	package
		ADDED from AndroidManifest.xml:3:5
	android:versionName
		ADDED from AndroidManifest.xml:5:5
	android:versionCode
		ADDED from AndroidManifest.xml:4:5
		INJECTED from AndroidManifest.xml:0:0
		INJECTED from AndroidManifest.xml:0:0
uses-sdk
ADDED from AndroidManifest.xml:7:5
	android:targetSdkVersion
		ADDED from AndroidManifest.xml:9:9
	android:minSdkVersion
		ADDED from AndroidManifest.xml:8:9
uses-permission#android.permission.INTERNET
ADDED from AndroidManifest.xml:12:5
	android:name
		ADDED from AndroidManifest.xml:12:22
uses-permission#android.permission.READ_EXTERNAL_STORAGE
ADDED from AndroidManifest.xml:13:5
	android:name
		ADDED from AndroidManifest.xml:13:22
uses-permission#android.permission.CAMERA
ADDED from AndroidManifest.xml:14:5
	android:name
		ADDED from AndroidManifest.xml:14:22
uses-feature#android.hardware.camera
ADDED from AndroidManifest.xml:15:5
	android:name
		ADDED from AndroidManifest.xml:15:19
application
ADDED from AndroidManifest.xml:18:5
	android:label
		ADDED from AndroidManifest.xml:21:9
	android:allowBackup
		ADDED from AndroidManifest.xml:19:9
	android:icon
		ADDED from AndroidManifest.xml:20:9
	android:theme
		ADDED from AndroidManifest.xml:22:9
activity#at.ac.univie.gruppe1.team2.MainActivity
ADDED from AndroidManifest.xml:23:9
	android:label
		ADDED from AndroidManifest.xml:25:13
	android:name
		ADDED from AndroidManifest.xml:24:13
intent-filter#android.intent.action.MAIN+android.intent.category.LAUNCHER
ADDED from AndroidManifest.xml:26:13
action#android.intent.action.MAIN
ADDED from AndroidManifest.xml:27:17
	android:name
		ADDED from AndroidManifest.xml:27:25
category#android.intent.category.LAUNCHER
ADDED from AndroidManifest.xml:29:17
	android:name
		ADDED from AndroidManifest.xml:29:27
activity#at.ac.univie.gruppe1.team2.RegisterFrame
ADDED from AndroidManifest.xml:32:9
	android:label
		ADDED from AndroidManifest.xml:34:13
	android:name
		ADDED from AndroidManifest.xml:33:13
activity#at.ac.univie.gruppe1.team2.MainFrame
ADDED from AndroidManifest.xml:35:9
	android:label
		ADDED from AndroidManifest.xml:37:13
	android:name
		ADDED from AndroidManifest.xml:36:13
activity#at.ac.univie.gruppe1.team2.HomeFrame
ADDED from AndroidManifest.xml:38:9
	android:label
		ADDED from AndroidManifest.xml:40:13
	android:name
		ADDED from AndroidManifest.xml:39:13
activity#at.ac.univie.gruppe1.team2.TasksFrame
ADDED from AndroidManifest.xml:41:9
	android:label
		ADDED from AndroidManifest.xml:43:13
	android:name
		ADDED from AndroidManifest.xml:42:13
activity#at.ac.univie.gruppe1.team2.ProfilFrame
ADDED from AndroidManifest.xml:44:9
	android:label
		ADDED from AndroidManifest.xml:46:13
	android:name
		ADDED from AndroidManifest.xml:45:13
activity#at.ac.univie.gruppe1.team2.LogoutFrame
ADDED from AndroidManifest.xml:47:9
	android:label
		ADDED from AndroidManifest.xml:49:13
	android:name
		ADDED from AndroidManifest.xml:48:13
activity#at.ac.univie.gruppe1.team2.ListFrame
ADDED from AndroidManifest.xml:50:9
	android:label
		ADDED from AndroidManifest.xml:52:13
	android:name
		ADDED from AndroidManifest.xml:51:13
activity#at.ac.univie.gruppe1.team2.HighscoreFrame
ADDED from AndroidManifest.xml:53:9
	android:label
		ADDED from AndroidManifest.xml:55:13
	android:name
		ADDED from AndroidManifest.xml:54:13
activity#at.ac.univie.gruppe1.team2.ChosenTasksFrame
ADDED from AndroidManifest.xml:56:9
	android:label
		ADDED from AndroidManifest.xml:58:13
	android:name
		ADDED from AndroidManifest.xml:57:13
activity#at.ac.univie.gruppe1.team2.CreateTaskFrame
ADDED from AndroidManifest.xml:59:9
	android:label
		ADDED from AndroidManifest.xml:61:13
	android:name
		ADDED from AndroidManifest.xml:60:13
activity#at.ac.univie.gruppe1.team2.RunningTaskFrame
ADDED from AndroidManifest.xml:62:9
	android:label
		ADDED from AndroidManifest.xml:65:13
	android:name
		ADDED from AndroidManifest.xml:64:13
activity#at.ac.univie.gruppe1.team2.FinishTaskFrame
ADDED from AndroidManifest.xml:73:10
	android:label
		ADDED from AndroidManifest.xml:75:14
	android:name
		ADDED from AndroidManifest.xml:74:14
activity#at.ac.univie.gruppe1.team2.DoneTasksFrame
ADDED from AndroidManifest.xml:76:10
	android:label
		ADDED from AndroidManifest.xml:78:14
	android:name
		ADDED from AndroidManifest.xml:77:14
activity#at.ac.univie.gruppe1.team2.UploadPicFrame
ADDED from AndroidManifest.xml:79:10
	android:label
		ADDED from AndroidManifest.xml:81:14
	android:name
		ADDED from AndroidManifest.xml:80:14
activity#at.ac.univie.gruppe1.team2.AUserFrame
ADDED from AndroidManifest.xml:82:10
	android:label
		ADDED from AndroidManifest.xml:84:14
	android:name
		ADDED from AndroidManifest.xml:83:14
activity#at.ac.univie.gruppe1.team2.AUserTaskList
ADDED from AndroidManifest.xml:85:10
	android:label
		ADDED from AndroidManifest.xml:87:14
	android:name
		ADDED from AndroidManifest.xml:86:14
activity#at.ac.univie.gruppe1.team2.EvidenceFrame
ADDED from AndroidManifest.xml:88:10
	android:label
		ADDED from AndroidManifest.xml:90:14
	android:name
		ADDED from AndroidManifest.xml:89:14